<?xml version="1.0" encoding="UTF-8"?>
<!-- Generated by org.testng.reporters.JUnitXMLReporter -->
<testsuite ignored="0" hostname="DESKTOP-LSFSGRJ" failures="0" tests="2" name="Login_negativeTestCases" time="21.197" errors="0" timestamp="2025-04-26T20:52:37 EEST">
  <testcase classname="tests.Login_NegativeScenario" name="testLogin_InCorrectEmail" time="9.092"/>
  <testcase classname="tests.Login_NegativeScenario" name="testLogin_CorrectEmailandNotCorrectPassword" time="6.715"/>
</testsuite> <!-- Login_negativeTestCases -->
